\BOOKMARK [0][-]{chapter.1}{\376\377\000M\000a\000i\000n\000\040\000P\000a\000g\000e}{}% 1
\BOOKMARK [0][-]{chapter.2}{\376\377\000N\000a\000m\000e\000s\000p\000a\000c\000e\000\040\000I\000n\000d\000e\000x}{}% 2
\BOOKMARK [1][-]{section.2.1}{\376\377\000P\000a\000c\000k\000a\000g\000e\000s}{chapter.2}% 3
\BOOKMARK [0][-]{chapter.3}{\376\377\000H\000i\000e\000r\000a\000r\000c\000h\000i\000c\000a\000l\000\040\000I\000n\000d\000e\000x}{}% 4
\BOOKMARK [1][-]{section.3.1}{\376\377\000C\000l\000a\000s\000s\000\040\000H\000i\000e\000r\000a\000r\000c\000h\000y}{chapter.3}% 5
\BOOKMARK [0][-]{chapter.4}{\376\377\000C\000l\000a\000s\000s\000\040\000I\000n\000d\000e\000x}{}% 6
\BOOKMARK [1][-]{section.4.1}{\376\377\000C\000l\000a\000s\000s\000\040\000L\000i\000s\000t}{chapter.4}% 7
\BOOKMARK [0][-]{chapter.5}{\376\377\000F\000i\000l\000e\000\040\000I\000n\000d\000e\000x}{}% 8
\BOOKMARK [1][-]{section.5.1}{\376\377\000F\000i\000l\000e\000\040\000L\000i\000s\000t}{chapter.5}% 9
\BOOKMARK [0][-]{chapter.6}{\376\377\000N\000a\000m\000e\000s\000p\000a\000c\000e\000\040\000D\000o\000c\000u\000m\000e\000n\000t\000a\000t\000i\000o\000n}{}% 10
\BOOKMARK [1][-]{section.6.1}{\376\377\000f\000o\000r\000m\000s\000\040\000N\000a\000m\000e\000s\000p\000a\000c\000e\000\040\000R\000e\000f\000e\000r\000e\000n\000c\000e}{chapter.6}% 11
\BOOKMARK [1][-]{section.6.2}{\376\377\000m\000o\000d\000e\000l\000s\000\040\000N\000a\000m\000e\000s\000p\000a\000c\000e\000\040\000R\000e\000f\000e\000r\000e\000n\000c\000e}{chapter.6}% 12
\BOOKMARK [1][-]{section.6.3}{\376\377\000u\000r\000l\000s\000\040\000N\000a\000m\000e\000s\000p\000a\000c\000e\000\040\000R\000e\000f\000e\000r\000e\000n\000c\000e}{chapter.6}% 13
\BOOKMARK [2][-]{subsection.6.3.1}{\376\377\000V\000a\000r\000i\000a\000b\000l\000e\000\040\000D\000o\000c\000u\000m\000e\000n\000t\000a\000t\000i\000o\000n}{section.6.3}% 14
\BOOKMARK [3][-]{subsubsection.6.3.1.1}{\376\377\000u\000r\000l\000p\000a\000t\000t\000e\000r\000n\000s}{subsection.6.3.1}% 15
\BOOKMARK [1][-]{section.6.4}{\376\377\000v\000i\000e\000w\000s\000\040\000N\000a\000m\000e\000s\000p\000a\000c\000e\000\040\000R\000e\000f\000e\000r\000e\000n\000c\000e}{chapter.6}% 16
\BOOKMARK [2][-]{subsection.6.4.1}{\376\377\000F\000u\000n\000c\000t\000i\000o\000n\000\040\000D\000o\000c\000u\000m\000e\000n\000t\000a\000t\000i\000o\000n}{section.6.4}% 17
\BOOKMARK [3][-]{subsubsection.6.4.1.1}{\376\377\000a\000d\000d\000\137\000g\000r\000o\000u\000p\000f\000o\000r\000m}{subsection.6.4.1}% 18
\BOOKMARK [3][-]{subsubsection.6.4.1.2}{\376\377\000a\000d\000d\000\137\000p\000a\000y\000f\000o\000r\000m}{subsection.6.4.1}% 19
\BOOKMARK [3][-]{subsubsection.6.4.1.3}{\376\377\000c\000o\000n\000f\000i\000r\000m\000P\000a\000y\000m\000e\000n\000t}{subsection.6.4.1}% 20
\BOOKMARK [3][-]{subsubsection.6.4.1.4}{\376\377\000h\000i\000s\000t\000o\000r\000y}{subsection.6.4.1}% 21
\BOOKMARK [3][-]{subsubsection.6.4.1.5}{\376\377\000h\000o\000m\000e}{subsection.6.4.1}% 22
\BOOKMARK [3][-]{subsubsection.6.4.1.6}{\376\377\000i\000n\000d\000e\000x}{subsection.6.4.1}% 23
\BOOKMARK [3][-]{subsubsection.6.4.1.7}{\376\377\000j\000o\000i\000n\000g\000r\000o\000u\000p\000\137\000f\000o\000r\000m}{subsection.6.4.1}% 24
\BOOKMARK [3][-]{subsubsection.6.4.1.8}{\376\377\000l\000e\000a\000v\000e\000g\000r\000o\000u\000p}{subsection.6.4.1}% 25
\BOOKMARK [3][-]{subsubsection.6.4.1.9}{\376\377\000r\000e\000g\000i\000s\000t\000e\000r}{subsection.6.4.1}% 26
\BOOKMARK [3][-]{subsubsection.6.4.1.10}{\376\377\000r\000e\000m\000o\000v\000e\000P\000a\000y\000F\000o\000r\000m}{subsection.6.4.1}% 27
\BOOKMARK [3][-]{subsubsection.6.4.1.11}{\376\377\000u\000s\000e\000r\000L\000o\000g\000i\000n}{subsection.6.4.1}% 28
\BOOKMARK [3][-]{subsubsection.6.4.1.12}{\376\377\000u\000s\000e\000r\000L\000o\000g\000o\000u\000t}{subsection.6.4.1}% 29
\BOOKMARK [0][-]{chapter.7}{\376\377\000C\000l\000a\000s\000s\000\040\000D\000o\000c\000u\000m\000e\000n\000t\000a\000t\000i\000o\000n}{}% 30
\BOOKMARK [1][-]{section.7.1}{\376\377\000m\000o\000d\000e\000l\000s\000.\000F\000e\000l\000l\000o\000w\000U\000s\000e\000r\000\040\000C\000l\000a\000s\000s\000\040\000R\000e\000f\000e\000r\000e\000n\000c\000e}{chapter.7}% 31
\BOOKMARK [2][-]{subsection.7.1.1}{\376\377\000D\000e\000t\000a\000i\000l\000e\000d\000\040\000D\000e\000s\000c\000r\000i\000p\000t\000i\000o\000n}{section.7.1}% 32
\BOOKMARK [2][-]{subsection.7.1.2}{\376\377\000M\000e\000m\000b\000e\000r\000\040\000F\000u\000n\000c\000t\000i\000o\000n\000\040\000D\000o\000c\000u\000m\000e\000n\000t\000a\000t\000i\000o\000n}{section.7.1}% 33
\BOOKMARK [3][-]{subsubsection.7.1.2.1}{\376\377\000\137\000\137\000u\000n\000i\000c\000o\000d\000e\000\137\000\137}{subsection.7.1.2}% 34
\BOOKMARK [2][-]{subsection.7.1.3}{\376\377\000M\000e\000m\000b\000e\000r\000\040\000D\000a\000t\000a\000\040\000D\000o\000c\000u\000m\000e\000n\000t\000a\000t\000i\000o\000n}{section.7.1}% 35
\BOOKMARK [3][-]{subsubsection.7.1.3.1}{\376\377\000o\000w\000e\000d}{subsection.7.1.3}% 36
\BOOKMARK [3][-]{subsubsection.7.1.3.2}{\376\377\000u\000s\000e\000r}{subsection.7.1.3}% 37
\BOOKMARK [1][-]{section.7.2}{\376\377\000f\000o\000r\000m\000s\000.\000M\000a\000k\000e\000G\000r\000o\000u\000p\000F\000o\000r\000m\000\040\000C\000l\000a\000s\000s\000\040\000R\000e\000f\000e\000r\000e\000n\000c\000e}{chapter.7}% 38
\BOOKMARK [2][-]{subsection.7.2.1}{\376\377\000D\000e\000t\000a\000i\000l\000e\000d\000\040\000D\000e\000s\000c\000r\000i\000p\000t\000i\000o\000n}{section.7.2}% 39
\BOOKMARK [2][-]{subsection.7.2.2}{\376\377\000M\000e\000m\000b\000e\000r\000\040\000D\000a\000t\000a\000\040\000D\000o\000c\000u\000m\000e\000n\000t\000a\000t\000i\000o\000n}{section.7.2}% 40
\BOOKMARK [3][-]{subsubsection.7.2.2.1}{\376\377\000d\000e\000s\000c\000r\000i\000p\000t\000i\000o\000n}{subsection.7.2.2}% 41
\BOOKMARK [3][-]{subsubsection.7.2.2.2}{\376\377\000n\000a\000m\000e}{subsection.7.2.2}% 42
\BOOKMARK [3][-]{subsubsection.7.2.2.3}{\376\377\000p\000a\000s\000s\000c\000o\000d\000e}{subsection.7.2.2}% 43
\BOOKMARK [1][-]{section.7.3}{\376\377\000m\000o\000d\000e\000l\000s\000.\000M\000e\000m\000b\000e\000r\000V\000i\000e\000w\000\040\000C\000l\000a\000s\000s\000\040\000R\000e\000f\000e\000r\000e\000n\000c\000e}{chapter.7}% 44
\BOOKMARK [2][-]{subsection.7.3.1}{\376\377\000D\000e\000t\000a\000i\000l\000e\000d\000\040\000D\000e\000s\000c\000r\000i\000p\000t\000i\000o\000n}{section.7.3}% 45
\BOOKMARK [2][-]{subsection.7.3.2}{\376\377\000M\000e\000m\000b\000e\000r\000\040\000F\000u\000n\000c\000t\000i\000o\000n\000\040\000D\000o\000c\000u\000m\000e\000n\000t\000a\000t\000i\000o\000n}{section.7.3}% 46
\BOOKMARK [3][-]{subsubsection.7.3.2.1}{\376\377\000\137\000\137\000u\000n\000i\000c\000o\000d\000e\000\137\000\137}{subsection.7.3.2}% 47
\BOOKMARK [2][-]{subsection.7.3.3}{\376\377\000M\000e\000m\000b\000e\000r\000\040\000D\000a\000t\000a\000\040\000D\000o\000c\000u\000m\000e\000n\000t\000a\000t\000i\000o\000n}{section.7.3}% 48
\BOOKMARK [3][-]{subsubsection.7.3.3.1}{\376\377\000f\000e\000l\000l\000o\000w\000s}{subsection.7.3.3}% 49
\BOOKMARK [3][-]{subsubsection.7.3.3.2}{\376\377\000n\000e\000t\000O\000w\000e\000d}{subsection.7.3.3}% 50
\BOOKMARK [3][-]{subsubsection.7.3.3.3}{\376\377\000u\000s\000e\000r}{subsection.7.3.3}% 51
\BOOKMARK [1][-]{section.7.4}{\376\377\000f\000o\000r\000m\000s\000.\000U\000s\000e\000r\000F\000o\000r\000m\000.\000M\000e\000t\000a\000\040\000C\000l\000a\000s\000s\000\040\000R\000e\000f\000e\000r\000e\000n\000c\000e}{chapter.7}% 52
\BOOKMARK [2][-]{subsection.7.4.1}{\376\377\000D\000e\000t\000a\000i\000l\000e\000d\000\040\000D\000e\000s\000c\000r\000i\000p\000t\000i\000o\000n}{section.7.4}% 53
\BOOKMARK [2][-]{subsection.7.4.2}{\376\377\000M\000e\000m\000b\000e\000r\000\040\000D\000a\000t\000a\000\040\000D\000o\000c\000u\000m\000e\000n\000t\000a\000t\000i\000o\000n}{section.7.4}% 54
\BOOKMARK [3][-]{subsubsection.7.4.2.1}{\376\377\000f\000i\000e\000l\000d\000s}{subsection.7.4.2}% 55
\BOOKMARK [3][-]{subsubsection.7.4.2.2}{\376\377\000m\000o\000d\000e\000l}{subsection.7.4.2}% 56
\BOOKMARK [1][-]{section.7.5}{\376\377\000f\000o\000r\000m\000s\000.\000P\000a\000y\000F\000o\000r\000m\000.\000M\000e\000t\000a\000\040\000C\000l\000a\000s\000s\000\040\000R\000e\000f\000e\000r\000e\000n\000c\000e}{chapter.7}% 57
\BOOKMARK [2][-]{subsection.7.5.1}{\376\377\000D\000e\000t\000a\000i\000l\000e\000d\000\040\000D\000e\000s\000c\000r\000i\000p\000t\000i\000o\000n}{section.7.5}% 58
\BOOKMARK [2][-]{subsection.7.5.2}{\376\377\000M\000e\000m\000b\000e\000r\000\040\000D\000a\000t\000a\000\040\000D\000o\000c\000u\000m\000e\000n\000t\000a\000t\000i\000o\000n}{section.7.5}% 59
\BOOKMARK [3][-]{subsubsection.7.5.2.1}{\376\377\000f\000i\000e\000l\000d\000s}{subsection.7.5.2}% 60
\BOOKMARK [3][-]{subsubsection.7.5.2.2}{\376\377\000m\000o\000d\000e\000l}{subsection.7.5.2}% 61
\BOOKMARK [1][-]{section.7.6}{\376\377\000f\000o\000r\000m\000s\000.\000M\000a\000k\000e\000G\000r\000o\000u\000p\000F\000o\000r\000m\000.\000M\000e\000t\000a\000\040\000C\000l\000a\000s\000s\000\040\000R\000e\000f\000e\000r\000e\000n\000c\000e}{chapter.7}% 62
\BOOKMARK [2][-]{subsection.7.6.1}{\376\377\000D\000e\000t\000a\000i\000l\000e\000d\000\040\000D\000e\000s\000c\000r\000i\000p\000t\000i\000o\000n}{section.7.6}% 63
\BOOKMARK [2][-]{subsection.7.6.2}{\376\377\000M\000e\000m\000b\000e\000r\000\040\000D\000a\000t\000a\000\040\000D\000o\000c\000u\000m\000e\000n\000t\000a\000t\000i\000o\000n}{section.7.6}% 64
\BOOKMARK [3][-]{subsubsection.7.6.2.1}{\376\377\000f\000i\000e\000l\000d\000s}{subsection.7.6.2}% 65
\BOOKMARK [3][-]{subsubsection.7.6.2.2}{\376\377\000m\000o\000d\000e\000l}{subsection.7.6.2}% 66
\BOOKMARK [1][-]{section.7.7}{\376\377\000f\000o\000r\000m\000s\000.\000P\000a\000y\000F\000o\000r\000m\000\040\000C\000l\000a\000s\000s\000\040\000R\000e\000f\000e\000r\000e\000n\000c\000e}{chapter.7}% 67
\BOOKMARK [2][-]{subsection.7.7.1}{\376\377\000D\000e\000t\000a\000i\000l\000e\000d\000\040\000D\000e\000s\000c\000r\000i\000p\000t\000i\000o\000n}{section.7.7}% 68
\BOOKMARK [2][-]{subsection.7.7.2}{\376\377\000M\000e\000m\000b\000e\000r\000\040\000D\000a\000t\000a\000\040\000D\000o\000c\000u\000m\000e\000n\000t\000a\000t\000i\000o\000n}{section.7.7}% 69
\BOOKMARK [3][-]{subsubsection.7.7.2.1}{\376\377\000a\000m\000o\000u\000n\000t}{subsection.7.7.2}% 70
\BOOKMARK [3][-]{subsubsection.7.7.2.2}{\376\377\000d\000e\000s\000c\000r\000i\000p\000t\000i\000o\000n}{subsection.7.7.2}% 71
\BOOKMARK [1][-]{section.7.8}{\376\377\000m\000o\000d\000e\000l\000s\000.\000P\000a\000y\000G\000r\000o\000u\000p\000\040\000C\000l\000a\000s\000s\000\040\000R\000e\000f\000e\000r\000e\000n\000c\000e}{chapter.7}% 72
\BOOKMARK [2][-]{subsection.7.8.1}{\376\377\000D\000e\000t\000a\000i\000l\000e\000d\000\040\000D\000e\000s\000c\000r\000i\000p\000t\000i\000o\000n}{section.7.8}% 73
\BOOKMARK [2][-]{subsection.7.8.2}{\376\377\000M\000e\000m\000b\000e\000r\000\040\000F\000u\000n\000c\000t\000i\000o\000n\000\040\000D\000o\000c\000u\000m\000e\000n\000t\000a\000t\000i\000o\000n}{section.7.8}% 74
\BOOKMARK [3][-]{subsubsection.7.8.2.1}{\376\377\000\137\000\137\000u\000n\000i\000c\000o\000d\000e\000\137\000\137}{subsection.7.8.2}% 75
\BOOKMARK [2][-]{subsection.7.8.3}{\376\377\000M\000e\000m\000b\000e\000r\000\040\000D\000a\000t\000a\000\040\000D\000o\000c\000u\000m\000e\000n\000t\000a\000t\000i\000o\000n}{section.7.8}% 76
\BOOKMARK [3][-]{subsubsection.7.8.3.1}{\376\377\000d\000e\000s\000c\000r\000i\000p\000t\000i\000o\000n}{subsection.7.8.3}% 77
\BOOKMARK [3][-]{subsubsection.7.8.3.2}{\376\377\000g\000r\000o\000u\000p\000S\000i\000z\000e}{subsection.7.8.3}% 78
\BOOKMARK [3][-]{subsubsection.7.8.3.3}{\376\377\000m\000e\000m\000b\000e\000r\000s}{subsection.7.8.3}% 79
\BOOKMARK [3][-]{subsubsection.7.8.3.4}{\376\377\000m\000e\000m\000b\000e\000r\000V\000i\000e\000w\000s}{subsection.7.8.3}% 80
\BOOKMARK [3][-]{subsubsection.7.8.3.5}{\376\377\000n\000a\000m\000e}{subsection.7.8.3}% 81
\BOOKMARK [3][-]{subsubsection.7.8.3.6}{\376\377\000p\000a\000s\000s\000c\000o\000d\000e}{subsection.7.8.3}% 82
\BOOKMARK [3][-]{subsubsection.7.8.3.7}{\376\377\000p\000a\000y\000m\000e\000n\000t\000L\000o\000g\000s}{subsection.7.8.3}% 83
\BOOKMARK [1][-]{section.7.9}{\376\377\000m\000o\000d\000e\000l\000s\000.\000P\000a\000y\000m\000e\000n\000t\000L\000o\000g\000\040\000C\000l\000a\000s\000s\000\040\000R\000e\000f\000e\000r\000e\000n\000c\000e}{chapter.7}% 84
\BOOKMARK [2][-]{subsection.7.9.1}{\376\377\000D\000e\000t\000a\000i\000l\000e\000d\000\040\000D\000e\000s\000c\000r\000i\000p\000t\000i\000o\000n}{section.7.9}% 85
\BOOKMARK [2][-]{subsection.7.9.2}{\376\377\000M\000e\000m\000b\000e\000r\000\040\000F\000u\000n\000c\000t\000i\000o\000n\000\040\000D\000o\000c\000u\000m\000e\000n\000t\000a\000t\000i\000o\000n}{section.7.9}% 86
\BOOKMARK [3][-]{subsubsection.7.9.2.1}{\376\377\000\137\000\137\000u\000n\000i\000c\000o\000d\000e\000\137\000\137}{subsection.7.9.2}% 87
\BOOKMARK [2][-]{subsection.7.9.3}{\376\377\000M\000e\000m\000b\000e\000r\000\040\000D\000a\000t\000a\000\040\000D\000o\000c\000u\000m\000e\000n\000t\000a\000t\000i\000o\000n}{section.7.9}% 88
\BOOKMARK [3][-]{subsubsection.7.9.3.1}{\376\377\000a\000m\000o\000u\000n\000t}{subsection.7.9.3}% 89
\BOOKMARK [3][-]{subsubsection.7.9.3.2}{\376\377\000c\000o\000n\000t\000e\000s\000t\000e\000d}{subsection.7.9.3}% 90
\BOOKMARK [3][-]{subsubsection.7.9.3.3}{\376\377\000c\000o\000n\000t\000e\000s\000t\000e\000d\000M\000e\000s\000s\000a\000g\000e}{subsection.7.9.3}% 91
\BOOKMARK [3][-]{subsubsection.7.9.3.4}{\376\377\000d\000a\000t\000e}{subsection.7.9.3}% 92
\BOOKMARK [3][-]{subsubsection.7.9.3.5}{\376\377\000d\000e\000s\000c\000r\000i\000p\000t\000i\000o\000n}{subsection.7.9.3}% 93
\BOOKMARK [3][-]{subsubsection.7.9.3.6}{\376\377\000u\000s\000e\000r}{subsection.7.9.3}% 94
\BOOKMARK [1][-]{section.7.10}{\376\377\000m\000o\000d\000e\000l\000s\000.\000P\000a\000y\000U\000s\000e\000r\000\040\000C\000l\000a\000s\000s\000\040\000R\000e\000f\000e\000r\000e\000n\000c\000e}{chapter.7}% 95
\BOOKMARK [2][-]{subsection.7.10.1}{\376\377\000D\000e\000t\000a\000i\000l\000e\000d\000\040\000D\000e\000s\000c\000r\000i\000p\000t\000i\000o\000n}{section.7.10}% 96
\BOOKMARK [2][-]{subsection.7.10.2}{\376\377\000M\000e\000m\000b\000e\000r\000\040\000F\000u\000n\000c\000t\000i\000o\000n\000\040\000D\000o\000c\000u\000m\000e\000n\000t\000a\000t\000i\000o\000n}{section.7.10}% 97
\BOOKMARK [3][-]{subsubsection.7.10.2.1}{\376\377\000\137\000\137\000u\000n\000i\000c\000o\000d\000e\000\137\000\137}{subsection.7.10.2}% 98
\BOOKMARK [2][-]{subsection.7.10.3}{\376\377\000M\000e\000m\000b\000e\000r\000\040\000D\000a\000t\000a\000\040\000D\000o\000c\000u\000m\000e\000n\000t\000a\000t\000i\000o\000n}{section.7.10}% 99
\BOOKMARK [3][-]{subsubsection.7.10.3.1}{\376\377\000p\000a\000y\000G\000r\000o\000u\000p\000s}{subsection.7.10.3}% 100
\BOOKMARK [3][-]{subsubsection.7.10.3.2}{\376\377\000u\000s\000e\000r\000K\000e\000y}{subsection.7.10.3}% 101
\BOOKMARK [1][-]{section.7.11}{\376\377\000f\000o\000r\000m\000s\000.\000U\000s\000e\000r\000F\000o\000r\000m\000\040\000C\000l\000a\000s\000s\000\040\000R\000e\000f\000e\000r\000e\000n\000c\000e}{chapter.7}% 102
\BOOKMARK [2][-]{subsection.7.11.1}{\376\377\000D\000e\000t\000a\000i\000l\000e\000d\000\040\000D\000e\000s\000c\000r\000i\000p\000t\000i\000o\000n}{section.7.11}% 103
\BOOKMARK [2][-]{subsection.7.11.2}{\376\377\000M\000e\000m\000b\000e\000r\000\040\000D\000a\000t\000a\000\040\000D\000o\000c\000u\000m\000e\000n\000t\000a\000t\000i\000o\000n}{section.7.11}% 104
\BOOKMARK [3][-]{subsubsection.7.11.2.1}{\376\377\000p\000a\000s\000s\000w\000o\000r\000d}{subsection.7.11.2}% 105
\BOOKMARK [0][-]{chapter.8}{\376\377\000F\000i\000l\000e\000\040\000D\000o\000c\000u\000m\000e\000n\000t\000a\000t\000i\000o\000n}{}% 106
\BOOKMARK [1][-]{section.8.1}{\376\377\000f\000o\000r\000m\000s\000.\000p\000y\000\040\000F\000i\000l\000e\000\040\000R\000e\000f\000e\000r\000e\000n\000c\000e}{chapter.8}% 107
\BOOKMARK [2][-]{subsection.8.1.1}{\376\377\000D\000e\000t\000a\000i\000l\000e\000d\000\040\000D\000e\000s\000c\000r\000i\000p\000t\000i\000o\000n}{section.8.1}% 108
\BOOKMARK [1][-]{section.8.2}{\376\377\000m\000a\000i\000n\000p\000a\000g\000e\000.\000d\000o\000x\000\040\000F\000i\000l\000e\000\040\000R\000e\000f\000e\000r\000e\000n\000c\000e}{chapter.8}% 109
\BOOKMARK [1][-]{section.8.3}{\376\377\000m\000o\000d\000e\000l\000s\000.\000p\000y\000\040\000F\000i\000l\000e\000\040\000R\000e\000f\000e\000r\000e\000n\000c\000e}{chapter.8}% 110
\BOOKMARK [2][-]{subsection.8.3.1}{\376\377\000D\000e\000t\000a\000i\000l\000e\000d\000\040\000D\000e\000s\000c\000r\000i\000p\000t\000i\000o\000n}{section.8.3}% 111
\BOOKMARK [1][-]{section.8.4}{\376\377\000u\000r\000l\000s\000.\000p\000y\000\040\000F\000i\000l\000e\000\040\000R\000e\000f\000e\000r\000e\000n\000c\000e}{chapter.8}% 112
\BOOKMARK [2][-]{subsection.8.4.1}{\376\377\000D\000e\000t\000a\000i\000l\000e\000d\000\040\000D\000e\000s\000c\000r\000i\000p\000t\000i\000o\000n}{section.8.4}% 113
\BOOKMARK [1][-]{section.8.5}{\376\377\000v\000i\000e\000w\000s\000.\000p\000y\000\040\000F\000i\000l\000e\000\040\000R\000e\000f\000e\000r\000e\000n\000c\000e}{chapter.8}% 114
\BOOKMARK [2][-]{subsection.8.5.1}{\376\377\000D\000e\000t\000a\000i\000l\000e\000d\000\040\000D\000e\000s\000c\000r\000i\000p\000t\000i\000o\000n}{section.8.5}% 115
\BOOKMARK [0][-]{section*.33}{\376\377\000I\000n\000d\000e\000x}{}% 116
